<html>
<head>
<title>TestNG:  Test</title>
<link href="../testng.css" rel="stylesheet" type="text/css" />
<link href="../my-testng.css" rel="stylesheet" type="text/css" />

<style type="text/css">
.log { display: none;} 
.stack-trace { display: none;} 
</style>
<script type="text/javascript">
<!--
function flip(e) {
  current = e.style.display;
  if (current == 'block') {
    e.style.display = 'none';
    return 0;
  }
  else {
    e.style.display = 'block';
    return 1;
  }
}

function toggleBox(szDivId, elem, msg1, msg2)
{
  var res = -1;  if (document.getElementById) {
    res = flip(document.getElementById(szDivId));
  }
  else if (document.all) {
    // this is the way old msie versions work
    res = flip(document.all[szDivId]);
  }
  if(elem) {
    if(res == 0) elem.innerHTML = msg1; else elem.innerHTML = msg2;
  }

}

function toggleAllBoxes() {
  if (document.getElementsByTagName) {
    d = document.getElementsByTagName('div');
    for (i = 0; i < d.length; i++) {
      if (d[i].className == 'log') {
        flip(d[i]);
      }
    }
  }
}

// -->
</script>

</head>
<body>
<h2 align='center'>Test</h2><table border='1' align="center">
<tr>
<td>Tests passed/Failed/Skipped:</td><td>32/3/0</td>
</tr><tr>
<td>Started on:</td><td>Mon May 11 00:44:12 UTC 2015</td>
</tr>
<tr><td>Total time:</td><td>1 seconds (1318 ms)</td>
</tr><tr>
<td>Included groups:</td><td></td>
</tr><tr>
<td>Excluded groups:</td><td></td>
</tr>
</table><p/>
<small><i>(Hover the method name to see the test class name)</i></small><p/>
<table width='100%' border='1' class='invocation-failed'>
<tr><td colspan='4' align='center'><b>FAILED TESTS</b></td></tr>
<tr><td><b>Test method</b></td>
<td width="30%"><b>Exception</b></td>
<td width="10%"><b>Time (seconds)</b></td>
<td><b>Instance</b></td>
</tr>
<tr>
<td title='backEndTestBackage.PageEntityTest.getPageSearch()'><b>getPageSearch</b><br>Test class: backEndTestBackage.PageEntityTest<br>Parameters: com.FCI.SWE.Models.PageEntity@47cee369, emy2, hossam ghaly</td>
<td><div><pre>java.lang.AssertionError: expected [null] but found [com.FCI.SWE.Models.PageEntity@47cee369]
	at backEndTestBackage.PageEntityTest.getPageSearch(PageEntityTest.java:18)
... Removed 28 stack frames</pre></div><a href='#' onClick='toggleBox("stack-trace1299745394", this, "Click to show all stack frames", "Click to hide stack frames")'>Click to show all stack frames</a>
<div class='stack-trace' id='stack-trace1299745394'><pre>java.lang.AssertionError: expected [null] but found [com.FCI.SWE.Models.PageEntity@47cee369]
	at org.testng.Assert.fail(Assert.java:94)
	at org.testng.Assert.failNotEquals(Assert.java:494)
	at org.testng.Assert.assertEquals(Assert.java:123)
	at org.testng.Assert.assertEquals(Assert.java:165)
	at backEndTestBackage.PageEntityTest.getPageSearch(PageEntityTest.java:18)
	at sun.reflect.NativeMethodAccessorImpl.invoke0(Native Method)
	at sun.reflect.NativeMethodAccessorImpl.invoke(NativeMethodAccessorImpl.java:57)
	at sun.reflect.DelegatingMethodAccessorImpl.invoke(DelegatingMethodAccessorImpl.java:43)
	at java.lang.reflect.Method.invoke(Method.java:606)
	at org.testng.internal.MethodInvocationHelper.invokeMethod(MethodInvocationHelper.java:84)
	at org.testng.internal.Invoker.invokeMethod(Invoker.java:714)
	at org.testng.internal.Invoker.invokeTestMethod(Invoker.java:901)
	at org.testng.internal.Invoker.invokeTestMethods(Invoker.java:1231)
	at org.testng.internal.TestMethodWorker.invokeTestMethods(TestMethodWorker.java:127)
	at org.testng.internal.TestMethodWorker.run(TestMethodWorker.java:111)
	at org.testng.TestRunner.privateRun(TestRunner.java:767)
	at org.testng.TestRunner.run(TestRunner.java:617)
	at org.testng.SuiteRunner.runTest(SuiteRunner.java:334)
	at org.testng.SuiteRunner.runSequentially(SuiteRunner.java:329)
	at org.testng.SuiteRunner.privateRun(SuiteRunner.java:291)
	at org.testng.SuiteRunner.run(SuiteRunner.java:240)
	at org.testng.SuiteRunnerWorker.runSuite(SuiteRunnerWorker.java:52)
	at org.testng.SuiteRunnerWorker.run(SuiteRunnerWorker.java:86)
	at org.testng.TestNG.runSuitesSequentially(TestNG.java:1224)
	at org.testng.TestNG.runSuitesLocally(TestNG.java:1149)
	at org.testng.TestNG.run(TestNG.java:1057)
	at org.testng.remote.RemoteTestNG.run(RemoteTestNG.java:111)
	at org.testng.remote.RemoteTestNG.initAndRun(RemoteTestNG.java:204)
	at org.testng.remote.RemoteTestNG.main(RemoteTestNG.java:175)
</pre></div></td>
<td>0</td>
<td>backEndTestBackage.PageEntityTest@3ea4e3ae</td></tr>
<tr>
<td title='backEndTestBackage.PageEntityTest.likePage()'><b>likePage</b><br>Test class: backEndTestBackage.PageEntityTest<br>Parameters: com.FCI.SWE.Models.PageEntity@24c96a1a, emy2, hossam ghaly</td>
<td><div><pre>java.lang.AssertionError: expected [null] but found [com.FCI.SWE.Models.PageEntity@24c96a1a]
	at backEndTestBackage.PageEntityTest.likePage(PageEntityTest.java:29)
... Removed 28 stack frames</pre></div><a href='#' onClick='toggleBox("stack-trace393339341", this, "Click to show all stack frames", "Click to hide stack frames")'>Click to show all stack frames</a>
<div class='stack-trace' id='stack-trace393339341'><pre>java.lang.AssertionError: expected [null] but found [com.FCI.SWE.Models.PageEntity@24c96a1a]
	at org.testng.Assert.fail(Assert.java:94)
	at org.testng.Assert.failNotEquals(Assert.java:494)
	at org.testng.Assert.assertEquals(Assert.java:123)
	at org.testng.Assert.assertEquals(Assert.java:165)
	at backEndTestBackage.PageEntityTest.likePage(PageEntityTest.java:29)
	at sun.reflect.NativeMethodAccessorImpl.invoke0(Native Method)
	at sun.reflect.NativeMethodAccessorImpl.invoke(NativeMethodAccessorImpl.java:57)
	at sun.reflect.DelegatingMethodAccessorImpl.invoke(DelegatingMethodAccessorImpl.java:43)
	at java.lang.reflect.Method.invoke(Method.java:606)
	at org.testng.internal.MethodInvocationHelper.invokeMethod(MethodInvocationHelper.java:84)
	at org.testng.internal.Invoker.invokeMethod(Invoker.java:714)
	at org.testng.internal.Invoker.invokeTestMethod(Invoker.java:901)
	at org.testng.internal.Invoker.invokeTestMethods(Invoker.java:1231)
	at org.testng.internal.TestMethodWorker.invokeTestMethods(TestMethodWorker.java:127)
	at org.testng.internal.TestMethodWorker.run(TestMethodWorker.java:111)
	at org.testng.TestRunner.privateRun(TestRunner.java:767)
	at org.testng.TestRunner.run(TestRunner.java:617)
	at org.testng.SuiteRunner.runTest(SuiteRunner.java:334)
	at org.testng.SuiteRunner.runSequentially(SuiteRunner.java:329)
	at org.testng.SuiteRunner.privateRun(SuiteRunner.java:291)
	at org.testng.SuiteRunner.run(SuiteRunner.java:240)
	at org.testng.SuiteRunnerWorker.runSuite(SuiteRunnerWorker.java:52)
	at org.testng.SuiteRunnerWorker.run(SuiteRunnerWorker.java:86)
	at org.testng.TestNG.runSuitesSequentially(TestNG.java:1224)
	at org.testng.TestNG.runSuitesLocally(TestNG.java:1149)
	at org.testng.TestNG.run(TestNG.java:1057)
	at org.testng.remote.RemoteTestNG.run(RemoteTestNG.java:111)
	at org.testng.remote.RemoteTestNG.initAndRun(RemoteTestNG.java:204)
	at org.testng.remote.RemoteTestNG.main(RemoteTestNG.java:175)
</pre></div></td>
<td>0</td>
<td>backEndTestBackage.PageEntityTest@3ea4e3ae</td></tr>
</table><p>
<table width='100%' border='1' class='invocation-passed'>
<tr><td colspan='4' align='center'><b>PASSED TESTS</b></td></tr>
<tr><td><b>Test method</b></td>
<td width="30%"><b>Exception</b></td>
<td width="10%"><b>Time (seconds)</b></td>
<td><b>Instance</b></td>
</tr>
<tr>
<td title='frontEndBackage.serviceTest.LoginService()'><b>LoginService</b><br>Test class: frontEndBackage.serviceTest<br>Parameters: OK, emy3, 123</td>
<td></td>
<td>0</td>
<td>frontEndBackage.serviceTest@32db96ac</td></tr>
<tr>
<td title='frontEndBackage.serviceTest.LoginService()'><b>LoginService</b><br>Test class: frontEndBackage.serviceTest<br>Parameters: OK, aml3, 123</td>
<td></td>
<td>0</td>
<td>frontEndBackage.serviceTest@32db96ac</td></tr>
<tr>
<td title='frontEndBackage.serviceTest.acceptRq()'><b>acceptRq</b><br>Test class: frontEndBackage.serviceTest<br>Parameters: OK, emy3</td>
<td></td>
<td>0</td>
<td>frontEndBackage.serviceTest@32db96ac</td></tr>
<tr>
<td title='frontEndBackage.serviceTest.acceptRq()'><b>acceptRq</b><br>Test class: frontEndBackage.serviceTest<br>Parameters: OK, aml3</td>
<td></td>
<td>0</td>
<td>frontEndBackage.serviceTest@32db96ac</td></tr>
<tr>
<td title='backEndTestBackage.UserEntityTest.checkRequest()'><b>checkRequest</b><br>Test class: backEndTestBackage.UserEntityTest<br>Parameters: aml2, emy2</td>
<td></td>
<td>0</td>
<td>backEndTestBackage.UserEntityTest@27ec6a9a</td></tr>
<tr>
<td title='backEndTestBackage.UserEntityTest.checkRequest()'><b>checkRequest</b><br>Test class: backEndTestBackage.UserEntityTest<br>Parameters: emy2, amir2</td>
<td></td>
<td>0</td>
<td>backEndTestBackage.UserEntityTest@27ec6a9a</td></tr>
<tr>
<td title='frontEndBackage.serviceTest.checkRq()'><b>checkRq</b><br>Test class: frontEndBackage.serviceTest<br>Parameters: OK, emy3</td>
<td></td>
<td>0</td>
<td>frontEndBackage.serviceTest@32db96ac</td></tr>
<tr>
<td title='frontEndBackage.serviceTest.checkRq()'><b>checkRq</b><br>Test class: frontEndBackage.serviceTest<br>Parameters: OK, aml3</td>
<td></td>
<td>0</td>
<td>frontEndBackage.serviceTest@32db96ac</td></tr>
<tr>
<td title='frontEndBackage.serviceTest.createPage()'><b>createPage</b><br>Test class: frontEndBackage.serviceTest<br>Parameters: OK, emy3, aasrYasenLovers, actor, media</td>
<td></td>
<td>0</td>
<td>frontEndBackage.serviceTest@32db96ac</td></tr>
<tr>
<td title='frontEndBackage.serviceTest.createPage()'><b>createPage</b><br>Test class: frontEndBackage.serviceTest<br>Parameters: OK, aml3, yaserGalalLovers, actor, media</td>
<td></td>
<td>0</td>
<td>frontEndBackage.serviceTest@32db96ac</td></tr>
<tr>
<td title='backEndTestBackage.PostEntityTest.createPost()'><b>createPost</b><br>Test class: backEndTestBackage.PostEntityTest<br>Parameters: true, emy2, emy2, new, bad, public</td>
<td></td>
<td>0</td>
<td>backEndTestBackage.PostEntityTest@40b73194</td></tr>
<tr>
<td title='backEndTestBackage.PostEntityTest.createPost()'><b>createPost</b><br>Test class: backEndTestBackage.PostEntityTest<br>Parameters: true, aml2, aml2, hii, happy, public</td>
<td></td>
<td>0</td>
<td>backEndTestBackage.PostEntityTest@40b73194</td></tr>
<tr>
<td title='frontEndBackage.serviceTest.createpost()'><b>createpost</b><br>Test class: frontEndBackage.serviceTest<br>Parameters: OK, emy3, emy3, ya rb n3dy safy, hopeful, public</td>
<td></td>
<td>0</td>
<td>frontEndBackage.serviceTest@32db96ac</td></tr>
<tr>
<td title='frontEndBackage.serviceTest.createpost()'><b>createpost</b><br>Test class: frontEndBackage.serviceTest<br>Parameters: OK, emy3, aml3, brd gaaamd, sick, aml3</td>
<td></td>
<td>0</td>
<td>frontEndBackage.serviceTest@32db96ac</td></tr>
<tr>
<td title='backEndTestBackage.PostEntityTest.getMostTags()'><b>getMostTags</b><br>Test class: backEndTestBackage.PostEntityTest<br>Parameters: </td>
<td></td>
<td>0</td>
<td>backEndTestBackage.PostEntityTest@40b73194</td></tr>
<tr>
<td title='frontEndBackage.serviceTest.likePageService()'><b>likePageService</b><br>Test class: frontEndBackage.serviceTest<br>Parameters: OK, aml3, aasrYasenLovers</td>
<td></td>
<td>0</td>
<td>frontEndBackage.serviceTest@32db96ac</td></tr>
<tr>
<td title='frontEndBackage.serviceTest.likePageService()'><b>likePageService</b><br>Test class: frontEndBackage.serviceTest<br>Parameters: OK, emy3, yaserGalalLovers</td>
<td></td>
<td>0</td>
<td>frontEndBackage.serviceTest@32db96ac</td></tr>
<tr>
<td title='backEndTestBackage.PostEntityTest.likePost()'><b>likePost</b><br>Test class: backEndTestBackage.PostEntityTest<br>Parameters: true, 2</td>
<td></td>
<td>0</td>
<td>backEndTestBackage.PostEntityTest@40b73194</td></tr>
<tr>
<td title='backEndTestBackage.PostEntityTest.likePost()'><b>likePost</b><br>Test class: backEndTestBackage.PostEntityTest<br>Parameters: true, 6</td>
<td></td>
<td>0</td>
<td>backEndTestBackage.PostEntityTest@40b73194</td></tr>
<tr>
<td title='frontEndBackage.serviceTest.registrationService()'><b>registrationService</b><br>Test class: frontEndBackage.serviceTest<br>Parameters: OK, aml3, aml3, 123</td>
<td></td>
<td>0</td>
<td>frontEndBackage.serviceTest@32db96ac</td></tr>
<tr>
<td title='frontEndBackage.serviceTest.registrationService()'><b>registrationService</b><br>Test class: frontEndBackage.serviceTest<br>Parameters: OK, emy3, emy3, 123</td>
<td></td>
<td>0</td>
<td>frontEndBackage.serviceTest@32db96ac</td></tr>
<tr>
<td title='frontEndBackage.serviceTest.searchFriend()'><b>searchFriend</b><br>Test class: frontEndBackage.serviceTest<br>Parameters: OK, emy3, aml3</td>
<td></td>
<td>0</td>
<td>frontEndBackage.serviceTest@32db96ac</td></tr>
<tr>
<td title='frontEndBackage.serviceTest.searchFriend()'><b>searchFriend</b><br>Test class: frontEndBackage.serviceTest<br>Parameters: OK, aml3, emy3</td>
<td></td>
<td>0</td>
<td>frontEndBackage.serviceTest@32db96ac</td></tr>
<tr>
<td title='frontEndBackage.serviceTest.searchPage()'><b>searchPage</b><br>Test class: frontEndBackage.serviceTest<br>Parameters: OK, aml3, aasrYasenLovers</td>
<td></td>
<td>0</td>
<td>frontEndBackage.serviceTest@32db96ac</td></tr>
<tr>
<td title='frontEndBackage.serviceTest.searchPage()'><b>searchPage</b><br>Test class: frontEndBackage.serviceTest<br>Parameters: OK, emy3, yaserGalalLovers</td>
<td></td>
<td>0</td>
<td>frontEndBackage.serviceTest@32db96ac</td></tr>
<tr>
<td title='frontEndBackage.serviceTest.sendMsg()'><b>sendMsg</b><br>Test class: frontEndBackage.serviceTest<br>Parameters: OK, emy3, aml3, hi</td>
<td></td>
<td>0</td>
<td>frontEndBackage.serviceTest@32db96ac</td></tr>
<tr>
<td title='frontEndBackage.serviceTest.sendMsg()'><b>sendMsg</b><br>Test class: frontEndBackage.serviceTest<br>Parameters: OK, aml3, emy3, ezayk</td>
<td></td>
<td>0</td>
<td>frontEndBackage.serviceTest@32db96ac</td></tr>
<tr>
<td title='frontEndBackage.serviceTest.sendRequest()'><b>sendRequest</b><br>Test class: frontEndBackage.serviceTest<br>Parameters: OK, aml3, emy3</td>
<td></td>
<td>0</td>
<td>frontEndBackage.serviceTest@32db96ac</td></tr>
<tr>
<td title='frontEndBackage.serviceTest.showAllMsg()'><b>showAllMsg</b><br>Test class: frontEndBackage.serviceTest<br>Parameters: OK, emy3, aml3</td>
<td></td>
<td>0</td>
<td>frontEndBackage.serviceTest@32db96ac</td></tr>
<tr>
<td title='frontEndBackage.serviceTest.showAllMsg()'><b>showAllMsg</b><br>Test class: frontEndBackage.serviceTest<br>Parameters: OK, aml3, emy3</td>
<td></td>
<td>0</td>
<td>frontEndBackage.serviceTest@32db96ac</td></tr>
<tr>
<td title='frontEndBackage.serviceTest.showNewMsg()'><b>showNewMsg</b><br>Test class: frontEndBackage.serviceTest<br>Parameters: OK, emy3, aml3</td>
<td></td>
<td>0</td>
<td>frontEndBackage.serviceTest@32db96ac</td></tr>
<tr>
<td title='frontEndBackage.serviceTest.showNewMsg()'><b>showNewMsg</b><br>Test class: frontEndBackage.serviceTest<br>Parameters: OK, aml3, emy3</td>
<td></td>
<td>0</td>
<td>frontEndBackage.serviceTest@32db96ac</td></tr>
</table><p>
<table width='100%' border='1' class='invocation-skipped'>
<tr><td colspan='4' align='center'><b>SKIPPED TESTS</b></td></tr>
<tr><td><b>Test method</b></td>
<td width="30%"><b>Exception</b></td>
<td width="10%"><b>Time (seconds)</b></td>
<td><b>Instance</b></td>
</tr>
<tr>
<td title='backEndTestBackage.PostEntityTest.likePage()'><b>likePage</b><br>Test class: backEndTestBackage.PostEntityTest</td>
<td><div><pre>org.testng.TestNGException: 
Method likePage requires 1 parameters but 0 were supplied in the @Test annotation.
... Removed 23 stack frames</pre></div><a href='#' onClick='toggleBox("stack-trace1861314491", this, "Click to show all stack frames", "Click to hide stack frames")'>Click to show all stack frames</a>
<div class='stack-trace' id='stack-trace1861314491'><pre>org.testng.TestNGException: 
Method likePage requires 1 parameters but 0 were supplied in the @Test annotation.
	at org.testng.internal.Parameters.checkParameterTypes(Parameters.java:198)
	at org.testng.internal.Parameters.createParameters(Parameters.java:134)
	at org.testng.internal.Parameters.createParameters(Parameters.java:373)
	at org.testng.internal.Parameters.handleParameters(Parameters.java:450)
	at org.testng.internal.Invoker.handleParameters(Invoker.java:1383)
	at org.testng.internal.Invoker.createParameters(Invoker.java:1075)
	at org.testng.internal.Invoker.invokeTestMethods(Invoker.java:1180)
	at org.testng.internal.TestMethodWorker.invokeTestMethods(TestMethodWorker.java:127)
	at org.testng.internal.TestMethodWorker.run(TestMethodWorker.java:111)
	at org.testng.TestRunner.privateRun(TestRunner.java:767)
	at org.testng.TestRunner.run(TestRunner.java:617)
	at org.testng.SuiteRunner.runTest(SuiteRunner.java:334)
	at org.testng.SuiteRunner.runSequentially(SuiteRunner.java:329)
	at org.testng.SuiteRunner.privateRun(SuiteRunner.java:291)
	at org.testng.SuiteRunner.run(SuiteRunner.java:240)
	at org.testng.SuiteRunnerWorker.runSuite(SuiteRunnerWorker.java:52)
	at org.testng.SuiteRunnerWorker.run(SuiteRunnerWorker.java:86)
	at org.testng.TestNG.runSuitesSequentially(TestNG.java:1224)
	at org.testng.TestNG.runSuitesLocally(TestNG.java:1149)
	at org.testng.TestNG.run(TestNG.java:1057)
	at org.testng.remote.RemoteTestNG.run(RemoteTestNG.java:111)
	at org.testng.remote.RemoteTestNG.initAndRun(RemoteTestNG.java:204)
	at org.testng.remote.RemoteTestNG.main(RemoteTestNG.java:175)
</pre></div></td>
<td>0</td>
<td>backEndTestBackage.PostEntityTest@40b73194</td></tr>
</table><p>
</body>
</html>